<?xml version="1.0" encoding="UTF-8"?>
<!-- Generated by org.testng.reporters.JUnitXMLReporter -->
<testsuite ignored="0" hostname="windows-server-2016-1" failures="0" tests="3" name="Default test" time="4.553" errors="0" timestamp="27 May 2018 19:05:22 GMT">
  <testcase classname="tests.UserRegistrationTestWithJavaFaker" name="UserCanRegisterSuccssfully" time="2.899"/>
  <testcase classname="tests.UserRegistrationTestWithJavaFaker" name="RegisteredUserCanLogout" time="0.518"/>
  <testcase classname="tests.UserRegistrationTestWithJavaFaker" name="RegisteredUserCanLogin" time="1.105"/>
</testsuite> <!-- Default test -->
