<?xml version="1.0" encoding="UTF-8"?>
<testng-results ignored="0" total="3" passed="3" failed="0" skipped="0">
  <reporter-output>
  </reporter-output>
  <suite started-at="2018-05-27T19:05:18Z" name="Default suite" finished-at="2018-05-27T19:05:22Z" duration-ms="4553">
    <groups>
    </groups>
    <test started-at="2018-05-27T19:05:18Z" name="Default test" finished-at="2018-05-27T19:05:22Z" duration-ms="4553">
      <class name="tests.UserRegistrationTestWithJavaFaker">
        <test-method is-config="true" signature="startDriver(java.lang.String)[pri:0, instance:tests.UserRegistrationTestWithJavaFaker@3c1ef806]" started-at="2018-05-27T19:05:15Z" name="startDriver" finished-at="2018-05-27T19:05:18Z" duration-ms="2524" status="PASS">
          <params>
            <param index="0">
              <value>
                <![CDATA[chrome]]>
              </value>
            </param>
          </params>
          <reporter-output>
          </reporter-output>
        </test-method> <!-- startDriver -->
        <test-method signature="UserCanRegisterSuccssfully()[pri:1, instance:tests.UserRegistrationTestWithJavaFaker@3c1ef806]" started-at="2018-05-27T19:05:18Z" name="UserCanRegisterSuccssfully" finished-at="2018-05-27T19:05:21Z" duration-ms="2899" status="PASS">
          <reporter-output>
          </reporter-output>
        </test-method> <!-- UserCanRegisterSuccssfully -->
        <test-method is-config="true" signature="screenshotOnFailure(org.testng.ITestResult)[pri:0, instance:tests.UserRegistrationTestWithJavaFaker@3c1ef806]" started-at="2018-05-27T19:05:21Z" name="screenshotOnFailure" finished-at="2018-05-27T19:05:21Z" duration-ms="0" status="PASS">
          <params>
            <param index="0">
              <value>
                <![CDATA[[TestResult name=UserCanRegisterSuccssfully status=SUCCESS method=UserRegistrationTestWithJavaFaker.UserCanRegisterSuccssfully()[pri:1, instance:tests.UserRegistrationTestWithJavaFaker@3c1ef806] output={null}]]]>
              </value>
            </param>
          </params>
          <reporter-output>
          </reporter-output>
        </test-method> <!-- screenshotOnFailure -->
        <test-method signature="RegisteredUserCanLogout()[pri:0, instance:tests.UserRegistrationTestWithJavaFaker@3c1ef806]" started-at="2018-05-27T19:05:21Z" name="RegisteredUserCanLogout" finished-at="2018-05-27T19:05:21Z" depends-on-methods="tests.UserRegistrationTestWithJavaFaker.UserCanRegisterSuccssfully" duration-ms="518" status="PASS">
          <reporter-output>
          </reporter-output>
        </test-method> <!-- RegisteredUserCanLogout -->
        <test-method is-config="true" signature="screenshotOnFailure(org.testng.ITestResult)[pri:0, instance:tests.UserRegistrationTestWithJavaFaker@3c1ef806]" started-at="2018-05-27T19:05:21Z" name="screenshotOnFailure" finished-at="2018-05-27T19:05:21Z" duration-ms="1" status="PASS">
          <params>
            <param index="0">
              <value>
                <![CDATA[[TestResult name=RegisteredUserCanLogout status=SUCCESS method=UserRegistrationTestWithJavaFaker.RegisteredUserCanLogout()[pri:0, instance:tests.UserRegistrationTestWithJavaFaker@3c1ef806] output={null}]]]>
              </value>
            </param>
          </params>
          <reporter-output>
          </reporter-output>
        </test-method> <!-- screenshotOnFailure -->
        <test-method signature="RegisteredUserCanLogin()[pri:0, instance:tests.UserRegistrationTestWithJavaFaker@3c1ef806]" started-at="2018-05-27T19:05:21Z" name="RegisteredUserCanLogin" finished-at="2018-05-27T19:05:22Z" depends-on-methods="tests.UserRegistrationTestWithJavaFaker.RegisteredUserCanLogout" duration-ms="1105" status="PASS">
          <reporter-output>
          </reporter-output>
        </test-method> <!-- RegisteredUserCanLogin -->
        <test-method is-config="true" signature="screenshotOnFailure(org.testng.ITestResult)[pri:0, instance:tests.UserRegistrationTestWithJavaFaker@3c1ef806]" started-at="2018-05-27T19:05:22Z" name="screenshotOnFailure" finished-at="2018-05-27T19:05:22Z" duration-ms="0" status="PASS">
          <params>
            <param index="0">
              <value>
                <![CDATA[[TestResult name=RegisteredUserCanLogin status=SUCCESS method=UserRegistrationTestWithJavaFaker.RegisteredUserCanLogin()[pri:0, instance:tests.UserRegistrationTestWithJavaFaker@3c1ef806] output={null}]]]>
              </value>
            </param>
          </params>
          <reporter-output>
          </reporter-output>
        </test-method> <!-- screenshotOnFailure -->
        <test-method is-config="true" signature="stopDriver()[pri:0, instance:tests.UserRegistrationTestWithJavaFaker@3c1ef806]" started-at="2018-05-27T19:05:22Z" name="stopDriver" finished-at="2018-05-27T19:05:23Z" duration-ms="727" status="PASS">
          <reporter-output>
          </reporter-output>
        </test-method> <!-- stopDriver -->
      </class> <!-- tests.UserRegistrationTestWithJavaFaker -->
    </test> <!-- Default test -->
  </suite> <!-- Default suite -->
</testng-results>
